<?xml version="1.0" encoding="UTF-8"?>
<!-- Generated by org.testng.reporters.JUnitReportReporter -->
<testsuite hostname="LAPTOP-PKPP5N4P" failures="0" tests="1" name="Vtiger.Practice.BaseClassPractice" time="0.005" errors="0" timestamp="2022-09-07T16:58:07 IST" skipped="0">
  <testcase classname="Vtiger.Practice.BaseClassPractice" name="baseTest" time="0.005"/>
  <system-out/>
</testsuite> <!-- Vtiger.Practice.BaseClassPractice -->
