<?xml version="1.0" encoding="UTF-8"?>
<!-- Generated by org.testng.reporters.JUnitReportReporter -->
<testsuite hostname="LAPTOP-PKPP5N4P" failures="0" tests="1" name="Vtiger.Practice.ListenerPracticeTest" time="0.007" errors="0" timestamp="2022-09-27T16:17:16 IST" skipped="0">
  <testcase classname="Vtiger.Practice.ListenerPracticeTest" name="test1" time="0.007"/>
  <system-out>
    <![CDATA[Execution started
Execution completed]]>
  </system-out>
</testsuite> <!-- Vtiger.Practice.ListenerPracticeTest -->
