<?xml version="1.0" encoding="UTF-8"?>
<!-- Generated by org.testng.reporters.JUnitReportReporter -->
<testsuite hostname="LAPTOP-PKPP5N4P" failures="0" tests="5" name="Vtiger.Practice.OrgIndDataProviderPractice" time="0.010" errors="0" timestamp="2022-09-05T18:46:54 IST" skipped="0">
  <testcase classname="Vtiger.Practice.OrgIndDataProviderPractice" name="addIndustryToOrgTest" time="0.001"/>
  <system-out/>
  <testcase classname="Vtiger.Practice.OrgIndDataProviderPractice" name="addIndustryToOrgTest" time="0.006"/>
  <system-out/>
  <testcase classname="Vtiger.Practice.OrgIndDataProviderPractice" name="addIndustryToOrgTest" time="0.001"/>
  <system-out/>
  <testcase classname="Vtiger.Practice.OrgIndDataProviderPractice" name="addIndustryToOrgTest" time="0.001"/>
  <system-out/>
  <testcase classname="Vtiger.Practice.OrgIndDataProviderPractice" name="addIndustryToOrgTest" time="0.001"/>
  <system-out/>
</testsuite> <!-- Vtiger.Practice.OrgIndDataProviderPractice -->
