<?xml version="1.0" encoding="UTF-8"?>
<!-- Generated by org.testng.reporters.JUnitReportReporter -->
<testsuite hostname="LAPTOP-PKPP5N4P" failures="0" tests="3" name="Vtiger.Practice.DataPrividerPractice" time="0.006" errors="0" timestamp="2022-09-05T18:26:23 IST" skipped="0">
  <testcase classname="Vtiger.Practice.DataPrividerPractice" name="addPhonesToCartTest" time="0.005"/>
  <system-out/>
  <testcase classname="Vtiger.Practice.DataPrividerPractice" name="addPhonesToCartTest" time="0.001"/>
  <system-out/>
  <testcase classname="Vtiger.Practice.DataPrividerPractice" name="addPhonesToCartTest" time="0.000"/>
  <system-out/>
</testsuite> <!-- Vtiger.Practice.DataPrividerPractice -->
