<?xml version="1.0" encoding="UTF-8"?>
<!-- Generated by org.testng.reporters.JUnitReportReporter -->
<testsuite hostname="LAPTOP-PKPP5N4P" failures="0" tests="1" name="Vtiger.ContactsTests.CreatecnwithOrgTest" time="22.869" errors="0" timestamp="2022-09-21T18:40:34 IST" skipped="0">
  <testcase classname="Vtiger.ContactsTests.CreatecnwithOrgTest" name="createcontactwithorg" time="22.869"/>
  <system-out>
    <![CDATA[Org-created - test pass
Contact created-pass]]>
  </system-out>
</testsuite> <!-- Vtiger.ContactsTests.CreatecnwithOrgTest -->
