<?xml version="1.0" encoding="UTF-8"?>
<!-- Generated by org.testng.reporters.JUnitReportReporter -->
<testsuite hostname="LAPTOP-PKPP5N4P" failures="0" tests="1" name="Vtiger.Practice.ReadDataFromcmdLine" time="0.007" errors="0" timestamp="2022-09-23T14:55:26 IST" skipped="0">
  <testcase classname="Vtiger.Practice.ReadDataFromcmdLine" name="readData" time="0.007"/>
  <system-out/>
</testsuite> <!-- Vtiger.Practice.ReadDataFromcmdLine -->
