<?xml version="1.0" encoding="UTF-8"?>
<!-- Generated by org.testng.reporters.JUnitReportReporter -->
<testsuite hostname="LAPTOP-PKPP5N4P" failures="0" tests="1" name="Vtiger.ContactsTests.CreatecnwithOrgTest" time="38.474" errors="0" timestamp="2022-09-27T16:21:48 IST" skipped="0">
  <testcase classname="Vtiger.ContactsTests.CreatecnwithOrgTest" name="createcontactwithorg" time="38.474"/>
  <system-out>
    <![CDATA[createcontactwithorg-> sucessfully started
Org-created - test pass
Contact created-pass
createcontactwithorg-> Sucessfully completed test]]>
  </system-out>
</testsuite> <!-- Vtiger.ContactsTests.CreatecnwithOrgTest -->
