<?xml version="1.0" encoding="UTF-8"?>
<!-- Generated by org.testng.reporters.JUnitReportReporter -->
<testsuite hostname="LAPTOP-PKPP5N4P" failures="0" tests="1" name="Vtiger.OrganizationTests.BCOrgPomTest" time="44.252" errors="0" timestamp="2022-09-21T16:28:42 IST" skipped="0">
  <testcase classname="Vtiger.OrganizationTests.BCOrgPomTest" name="Orgpom" time="44.252"/>
  <system-out/>
</testsuite> <!-- Vtiger.OrganizationTests.BCOrgPomTest -->
