<?xml version="1.0" encoding="UTF-8"?>
<!-- Generated by org.testng.reporters.JUnitReportReporter -->
<testsuite hostname="LAPTOP-PKPP5N4P" failures="0" tests="1" name="Vtiger.Practice.CreateOrganizationTest" time="29.042" errors="0" timestamp="2022-09-16T14:32:07 IST" skipped="0">
  <testcase classname="Vtiger.Practice.CreateOrganizationTest" name="CreateOrgTest" time="29.042"/>
  <system-out/>
</testsuite> <!-- Vtiger.Practice.CreateOrganizationTest -->
